2025-09-09 13:51:28 [] INFO  c.f.cnd.lea.lp.CndLeaLpApplication - Starting CndLeaLpApplication using Java 21.0.8 with PID 26940 (C:\Users\이상민\IdeaProjects\cnd-sample\cnd-lea-lp\target\classes started by 이상민 in C:\Users\이상민\IdeaProjects\cnd-sample)
2025-09-09 13:51:28 [] DEBUG c.f.cnd.lea.lp.CndLeaLpApplication - Running with Spring Boot v3.5.5, Spring v6.2.10
2025-09-09 13:51:28 [] INFO  c.f.cnd.lea.lp.CndLeaLpApplication - The following 1 profile is active: "local"
2025-09-09 13:51:29 [] INFO  o.s.d.r.c.RepositoryConfigurationDelegate - Multiple Spring Data modules found, entering strict repository configuration mode
2025-09-09 13:51:29 [] INFO  o.s.d.r.c.RepositoryConfigurationDelegate - Bootstrapping Spring Data JPA repositories in DEFAULT mode.
2025-09-09 13:51:29 [] INFO  o.s.d.r.c.RepositoryConfigurationDelegate - Finished Spring Data repository scanning in 107 ms. Found 1 JPA repository interface.
2025-09-09 13:51:29 [] INFO  o.s.d.r.c.RepositoryConfigurationDelegate - Multiple Spring Data modules found, entering strict repository configuration mode
2025-09-09 13:51:29 [] INFO  o.s.d.r.c.RepositoryConfigurationDelegate - Bootstrapping Spring Data Redis repositories in DEFAULT mode.
2025-09-09 13:51:29 [] INFO  o.s.d.r.c.RepositoryConfigurationExtensionSupport - Spring Data Redis - Could not safely identify store assignment for repository candidate interface com.fusionsoft.cnd.lea.lp.repository.UserRepository; If you want this repository to be a Redis repository, consider annotating your entities with one of these annotations: org.springframework.data.redis.core.RedisHash (preferred), or consider extending one of the following types with your repository: org.springframework.data.keyvalue.repository.KeyValueRepository
2025-09-09 13:51:29 [] INFO  o.s.d.r.c.RepositoryConfigurationDelegate - Finished Spring Data repository scanning in 8 ms. Found 0 Redis repository interfaces.
2025-09-09 13:51:29 [] INFO  o.s.b.w.e.tomcat.TomcatWebServer - Tomcat initialized with port 8080 (http)
2025-09-09 13:51:29 [] INFO  o.a.catalina.core.StandardService - Starting service [Tomcat]
2025-09-09 13:51:29 [] INFO  o.a.catalina.core.StandardEngine - Starting Servlet engine: [Apache Tomcat/10.1.44]
2025-09-09 13:51:29 [] INFO  o.a.c.c.C.[Tomcat].[localhost].[/] - Initializing Spring embedded WebApplicationContext
2025-09-09 13:51:29 [] INFO  o.s.b.w.s.c.ServletWebServerApplicationContext - Root WebApplicationContext: initialization completed in 1061 ms
2025-09-09 13:51:29 [] DEBUG c.f.c.l.lp.filter.JwtBlacklistFilter - Filter 'jwtBlacklistFilterRegistration' configured for use
2025-09-09 13:51:29 [] INFO  o.h.jpa.internal.util.LogHelper - HHH000204: Processing PersistenceUnitInfo [name: default]
2025-09-09 13:51:29 [] INFO  org.hibernate.Version - HHH000412: Hibernate ORM core version 6.6.26.Final
2025-09-09 13:51:30 [] INFO  o.h.c.i.RegionFactoryInitiator - HHH000026: Second-level cache disabled
2025-09-09 13:51:30 [] INFO  o.s.o.j.p.SpringPersistenceUnitInfo - No LoadTimeWeaver setup: ignoring JPA class transformer
2025-09-09 13:51:30 [] INFO  com.zaxxer.hikari.HikariDataSource - HikariPool-1 - Starting...
2025-09-09 13:51:30 [] INFO  com.zaxxer.hikari.pool.HikariPool - HikariPool-1 - Added connection net.sf.log4jdbc.sql.jdbcapi.ConnectionSpy@5a57cf90
2025-09-09 13:51:30 [] INFO  com.zaxxer.hikari.HikariDataSource - HikariPool-1 - Start completed.
2025-09-09 13:51:30 [] INFO  jdbc.sqlonly - SELECT @@character_set_database, @@sql_mode

2025-09-09 13:51:30 [] INFO  o.hibernate.orm.connections.pooling - HHH10001005: Database info:
	Database JDBC URL [Connecting through datasource 'HikariDataSource (HikariPool-1)']
	Database driver: undefined/unknown
	Database version: 10.6.23
	Autocommit mode: undefined/unknown
	Isolation level: undefined/unknown
	Minimum pool size: undefined/unknown
	Maximum pool size: undefined/unknown
2025-09-09 13:51:31 [] INFO  o.h.e.t.j.p.i.JtaPlatformInitiator - HHH000489: No JTA platform available (set 'hibernate.transaction.jta.platform' to enable JTA platform integration)
2025-09-09 13:51:31 [] INFO  o.s.o.j.LocalContainerEntityManagerFactoryBean - Initialized JPA EntityManagerFactory for persistence unit 'default'
2025-09-09 13:51:31 [] WARN  o.s.b.a.o.j.JpaBaseConfiguration$JpaWebConfiguration - spring.jpa.open-in-view is enabled by default. Therefore, database queries may be performed during view rendering. Explicitly configure spring.jpa.open-in-view to disable this warning
2025-09-09 13:51:31 [] INFO  o.s.b.w.e.tomcat.TomcatWebServer - Tomcat started on port 8080 (http) with context path '/'
2025-09-09 13:51:31 [] INFO  c.f.cnd.lea.lp.CndLeaLpApplication - Started CndLeaLpApplication in 3.562 seconds (process running for 4.053)
2025-09-09 13:51:37 [] INFO  o.a.c.c.C.[Tomcat].[localhost].[/] - Initializing Spring DispatcherServlet 'dispatcherServlet'
2025-09-09 13:51:37 [] INFO  o.s.web.servlet.DispatcherServlet - Initializing Servlet 'dispatcherServlet'
2025-09-09 13:51:37 [] INFO  o.s.web.servlet.DispatcherServlet - Completed initialization in 1 ms
2025-09-09 13:51:37 [] ERROR c.f.c.l.l.h.GlobalExceptionHandler - Exception caught: MissingRequestHeaderException - Required request header 'x-cnd-username' for method parameter type String is not present
org.springframework.web.bind.MissingRequestHeaderException: Required request header 'x-cnd-username' for method parameter type String is not present
	at org.springframework.web.method.annotation.RequestHeaderMethodArgumentResolver.handleMissingValue(RequestHeaderMethodArgumentResolver.java:87)
	at org.springframework.web.method.annotation.AbstractNamedValueMethodArgumentResolver.handleMissingValue(AbstractNamedValueMethodArgumentResolver.java:234)
	at org.springframework.web.method.annotation.AbstractNamedValueMethodArgumentResolver.resolveArgument(AbstractNamedValueMethodArgumentResolver.java:125)
	at org.springframework.web.method.support.HandlerMethodArgumentResolverComposite.resolveArgument(HandlerMethodArgumentResolverComposite.java:122)
	at org.springframework.web.method.support.InvocableHandlerMethod.getMethodArgumentValues(InvocableHandlerMethod.java:227)
	at org.springframework.web.method.support.InvocableHandlerMethod.invokeForRequest(InvocableHandlerMethod.java:181)
	at org.springframework.web.servlet.mvc.method.annotation.ServletInvocableHandlerMethod.invokeAndHandle(ServletInvocableHandlerMethod.java:118)
	at org.springframework.web.servlet.mvc.method.annotation.RequestMappingHandlerAdapter.invokeHandlerMethod(RequestMappingHandlerAdapter.java:991)
	at org.springframework.web.servlet.mvc.method.annotation.RequestMappingHandlerAdapter.handleInternal(RequestMappingHandlerAdapter.java:896)
	at org.springframework.web.servlet.mvc.method.AbstractHandlerMethodAdapter.handle(AbstractHandlerMethodAdapter.java:87)
	at org.springframework.web.servlet.DispatcherServlet.doDispatch(DispatcherServlet.java:1089)
	at org.springframework.web.servlet.DispatcherServlet.doService(DispatcherServlet.java:979)
	at org.springframework.web.servlet.FrameworkServlet.processRequest(FrameworkServlet.java:1014)
	at org.springframework.web.servlet.FrameworkServlet.doGet(FrameworkServlet.java:903)
	at jakarta.servlet.http.HttpServlet.service(HttpServlet.java:564)
	at org.springframework.web.servlet.FrameworkServlet.service(FrameworkServlet.java:885)
	at jakarta.servlet.http.HttpServlet.service(HttpServlet.java:658)
	at org.apache.catalina.core.ApplicationFilterChain.internalDoFilter(ApplicationFilterChain.java:195)
	at org.apache.catalina.core.ApplicationFilterChain.doFilter(ApplicationFilterChain.java:140)
	at org.apache.tomcat.websocket.server.WsFilter.doFilter(WsFilter.java:51)
	at org.apache.catalina.core.ApplicationFilterChain.internalDoFilter(ApplicationFilterChain.java:164)
	at org.apache.catalina.core.ApplicationFilterChain.doFilter(ApplicationFilterChain.java:140)
	at com.fusionsoft.cnd.lea.lp.filter.JwtBlacklistFilter.doFilterInternal(JwtBlacklistFilter.java:68)
	at org.springframework.web.filter.OncePerRequestFilter.doFilter(OncePerRequestFilter.java:116)
	at org.apache.catalina.core.ApplicationFilterChain.internalDoFilter(ApplicationFilterChain.java:164)
	at org.apache.catalina.core.ApplicationFilterChain.doFilter(ApplicationFilterChain.java:140)
	at org.springframework.web.filter.RequestContextFilter.doFilterInternal(RequestContextFilter.java:100)
	at org.springframework.web.filter.OncePerRequestFilter.doFilter(OncePerRequestFilter.java:116)
	at org.apache.catalina.core.ApplicationFilterChain.internalDoFilter(ApplicationFilterChain.java:164)
	at org.apache.catalina.core.ApplicationFilterChain.doFilter(ApplicationFilterChain.java:140)
	at org.springframework.web.filter.FormContentFilter.doFilterInternal(FormContentFilter.java:93)
	at org.springframework.web.filter.OncePerRequestFilter.doFilter(OncePerRequestFilter.java:116)
	at org.apache.catalina.core.ApplicationFilterChain.internalDoFilter(ApplicationFilterChain.java:164)
	at org.apache.catalina.core.ApplicationFilterChain.doFilter(ApplicationFilterChain.java:140)
	at org.springframework.web.filter.CharacterEncodingFilter.doFilterInternal(CharacterEncodingFilter.java:201)
	at org.springframework.web.filter.OncePerRequestFilter.doFilter(OncePerRequestFilter.java:116)
	at org.apache.catalina.core.ApplicationFilterChain.internalDoFilter(ApplicationFilterChain.java:164)
	at org.apache.catalina.core.ApplicationFilterChain.doFilter(ApplicationFilterChain.java:140)
	at org.apache.catalina.core.StandardWrapperValve.invoke(StandardWrapperValve.java:167)
	at org.apache.catalina.core.StandardContextValve.invoke(StandardContextValve.java:90)
	at org.apache.catalina.authenticator.AuthenticatorBase.invoke(AuthenticatorBase.java:483)
	at org.apache.catalina.core.StandardHostValve.invoke(StandardHostValve.java:116)
	at org.apache.catalina.valves.ErrorReportValve.invoke(ErrorReportValve.java:93)
	at org.apache.catalina.core.StandardEngineValve.invoke(StandardEngineValve.java:74)
	at org.apache.catalina.connector.CoyoteAdapter.service(CoyoteAdapter.java:344)
	at org.apache.coyote.http11.Http11Processor.service(Http11Processor.java:398)
	at org.apache.coyote.AbstractProcessorLight.process(AbstractProcessorLight.java:63)
	at org.apache.coyote.AbstractProtocol$ConnectionHandler.process(AbstractProtocol.java:903)
	at org.apache.tomcat.util.net.NioEndpoint$SocketProcessor.doRun(NioEndpoint.java:1769)
	at org.apache.tomcat.util.net.SocketProcessorBase.run(SocketProcessorBase.java:52)
	at org.apache.tomcat.util.threads.ThreadPoolExecutor.runWorker(ThreadPoolExecutor.java:1189)
	at org.apache.tomcat.util.threads.ThreadPoolExecutor$Worker.run(ThreadPoolExecutor.java:658)
	at org.apache.tomcat.util.threads.TaskThread$WrappingRunnable.run(TaskThread.java:63)
	at java.base/java.lang.Thread.run(Thread.java:1583)
2025-09-09 13:52:00 [] ERROR c.f.c.l.l.h.GlobalExceptionHandler - Exception caught: MissingRequestHeaderException - Required request header 'x-cnd-username' for method parameter type String is not present
org.springframework.web.bind.MissingRequestHeaderException: Required request header 'x-cnd-username' for method parameter type String is not present
	at org.springframework.web.method.annotation.RequestHeaderMethodArgumentResolver.handleMissingValue(RequestHeaderMethodArgumentResolver.java:87)
	at org.springframework.web.method.annotation.AbstractNamedValueMethodArgumentResolver.handleMissingValue(AbstractNamedValueMethodArgumentResolver.java:234)
	at org.springframework.web.method.annotation.AbstractNamedValueMethodArgumentResolver.resolveArgument(AbstractNamedValueMethodArgumentResolver.java:125)
	at org.springframework.web.method.support.HandlerMethodArgumentResolverComposite.resolveArgument(HandlerMethodArgumentResolverComposite.java:122)
	at org.springframework.web.method.support.InvocableHandlerMethod.getMethodArgumentValues(InvocableHandlerMethod.java:227)
	at org.springframework.web.method.support.InvocableHandlerMethod.invokeForRequest(InvocableHandlerMethod.java:181)
	at org.springframework.web.servlet.mvc.method.annotation.ServletInvocableHandlerMethod.invokeAndHandle(ServletInvocableHandlerMethod.java:118)
	at org.springframework.web.servlet.mvc.method.annotation.RequestMappingHandlerAdapter.invokeHandlerMethod(RequestMappingHandlerAdapter.java:991)
	at org.springframework.web.servlet.mvc.method.annotation.RequestMappingHandlerAdapter.handleInternal(RequestMappingHandlerAdapter.java:896)
	at org.springframework.web.servlet.mvc.method.AbstractHandlerMethodAdapter.handle(AbstractHandlerMethodAdapter.java:87)
	at org.springframework.web.servlet.DispatcherServlet.doDispatch(DispatcherServlet.java:1089)
	at org.springframework.web.servlet.DispatcherServlet.doService(DispatcherServlet.java:979)
	at org.springframework.web.servlet.FrameworkServlet.processRequest(FrameworkServlet.java:1014)
	at org.springframework.web.servlet.FrameworkServlet.doGet(FrameworkServlet.java:903)
	at jakarta.servlet.http.HttpServlet.service(HttpServlet.java:564)
	at org.springframework.web.servlet.FrameworkServlet.service(FrameworkServlet.java:885)
	at jakarta.servlet.http.HttpServlet.service(HttpServlet.java:658)
	at org.apache.catalina.core.ApplicationFilterChain.internalDoFilter(ApplicationFilterChain.java:195)
	at org.apache.catalina.core.ApplicationFilterChain.doFilter(ApplicationFilterChain.java:140)
	at org.apache.tomcat.websocket.server.WsFilter.doFilter(WsFilter.java:51)
	at org.apache.catalina.core.ApplicationFilterChain.internalDoFilter(ApplicationFilterChain.java:164)
	at org.apache.catalina.core.ApplicationFilterChain.doFilter(ApplicationFilterChain.java:140)
	at com.fusionsoft.cnd.lea.lp.filter.JwtBlacklistFilter.doFilterInternal(JwtBlacklistFilter.java:68)
	at org.springframework.web.filter.OncePerRequestFilter.doFilter(OncePerRequestFilter.java:116)
	at org.apache.catalina.core.ApplicationFilterChain.internalDoFilter(ApplicationFilterChain.java:164)
	at org.apache.catalina.core.ApplicationFilterChain.doFilter(ApplicationFilterChain.java:140)
	at org.springframework.web.filter.RequestContextFilter.doFilterInternal(RequestContextFilter.java:100)
	at org.springframework.web.filter.OncePerRequestFilter.doFilter(OncePerRequestFilter.java:116)
	at org.apache.catalina.core.ApplicationFilterChain.internalDoFilter(ApplicationFilterChain.java:164)
	at org.apache.catalina.core.ApplicationFilterChain.doFilter(ApplicationFilterChain.java:140)
	at org.springframework.web.filter.FormContentFilter.doFilterInternal(FormContentFilter.java:93)
	at org.springframework.web.filter.OncePerRequestFilter.doFilter(OncePerRequestFilter.java:116)
	at org.apache.catalina.core.ApplicationFilterChain.internalDoFilter(ApplicationFilterChain.java:164)
	at org.apache.catalina.core.ApplicationFilterChain.doFilter(ApplicationFilterChain.java:140)
	at org.springframework.web.filter.CharacterEncodingFilter.doFilterInternal(CharacterEncodingFilter.java:201)
	at org.springframework.web.filter.OncePerRequestFilter.doFilter(OncePerRequestFilter.java:116)
	at org.apache.catalina.core.ApplicationFilterChain.internalDoFilter(ApplicationFilterChain.java:164)
	at org.apache.catalina.core.ApplicationFilterChain.doFilter(ApplicationFilterChain.java:140)
	at org.apache.catalina.core.StandardWrapperValve.invoke(StandardWrapperValve.java:167)
	at org.apache.catalina.core.StandardContextValve.invoke(StandardContextValve.java:90)
	at org.apache.catalina.authenticator.AuthenticatorBase.invoke(AuthenticatorBase.java:483)
	at org.apache.catalina.core.StandardHostValve.invoke(StandardHostValve.java:116)
	at org.apache.catalina.valves.ErrorReportValve.invoke(ErrorReportValve.java:93)
	at org.apache.catalina.core.StandardEngineValve.invoke(StandardEngineValve.java:74)
	at org.apache.catalina.connector.CoyoteAdapter.service(CoyoteAdapter.java:344)
	at org.apache.coyote.http11.Http11Processor.service(Http11Processor.java:398)
	at org.apache.coyote.AbstractProcessorLight.process(AbstractProcessorLight.java:63)
	at org.apache.coyote.AbstractProtocol$ConnectionHandler.process(AbstractProtocol.java:903)
	at org.apache.tomcat.util.net.NioEndpoint$SocketProcessor.doRun(NioEndpoint.java:1769)
	at org.apache.tomcat.util.net.SocketProcessorBase.run(SocketProcessorBase.java:52)
	at org.apache.tomcat.util.threads.ThreadPoolExecutor.runWorker(ThreadPoolExecutor.java:1189)
	at org.apache.tomcat.util.threads.ThreadPoolExecutor$Worker.run(ThreadPoolExecutor.java:658)
	at org.apache.tomcat.util.threads.TaskThread$WrappingRunnable.run(TaskThread.java:63)
	at java.base/java.lang.Thread.run(Thread.java:1583)
2025-09-09 13:52:39 [] DEBUG c.f.c.l.l.c.MemberController - =====> getMyInfo() start
2025-09-09 13:52:39 [] DEBUG c.f.c.l.l.c.MemberController - =====> user id : bbb
2025-09-09 13:52:39 [] DEBUG c.f.c.l.l.c.MemberController - =====> user roles : ROLE_USER
2025-09-09 13:52:39 [] INFO  jdbc.sqlonly - select u1_0.uid,u1_0.email,u1_0.enabled,u1_0.password,u1_0.phone,u1_0.reg_date,u1_0.upd_date,u1_0.user_id,u1_0.user_name from users u1_0 where u1_0.user_id='bbb'

2025-09-09 13:52:39 [] INFO  jdbc.resultsettable - 
|----|--------------|--------|-------------------------------------------------------------|--------------|----------------------|----------------------|--------|----------|
|uid |email         |enabled |password                                                     |phone         |reg_date              |upd_date              |user_id |user_name |
|----|--------------|--------|-------------------------------------------------------------|--------------|----------------------|----------------------|--------|----------|
|4   |bbb@naver.com |true    |$2a$10$ugK1U5MZ6HCiJHAYizFGyezpV3noeVKIoWV09R99Lt0v7KNfLAZki |010-1111-2222 |2025-09-08 15:08:54.0 |2025-09-08 15:08:54.0 |bbb     |비비비       |
|----|--------------|--------|-------------------------------------------------------------|--------------|----------------------|----------------------|--------|----------|

2025-09-09 13:52:39 [] INFO  jdbc.sqlonly - select r1_0.uid,r1_1.role_name from user_roles r1_0 join roles r1_1 on r1_1.role_name=r1_0.role_name where r1_0.uid=4

2025-09-09 13:52:39 [] INFO  jdbc.resultsettable - 
|----|----------|
|uid |role_name |
|----|----------|
|4   |ROLE_USER |
|----|----------|

2025-09-09 13:52:39 [] DEBUG c.f.c.l.l.c.MemberController - Myinfo from RDB is User(uId=4, userId=bbb, userName=비비비, email=bbb@naver.com, enabled=true, roles=[com.fusionsoft.cnd.lea.lp.domain.entity.Role@266fc77c])
2025-09-09 13:52:55 [] DEBUG c.f.c.l.lp.controller.HomeController - logout request :org.apache.catalina.connector.RequestFacade@830338a
2025-09-09 13:54:01 [] INFO  o.s.b.w.e.tomcat.GracefulShutdown - Commencing graceful shutdown. Waiting for active requests to complete
2025-09-09 13:54:01 [] INFO  o.s.b.w.e.tomcat.GracefulShutdown - Graceful shutdown complete
2025-09-09 13:54:01 [] INFO  o.s.o.j.LocalContainerEntityManagerFactoryBean - Closing JPA EntityManagerFactory for persistence unit 'default'
2025-09-09 13:54:01 [] INFO  com.zaxxer.hikari.HikariDataSource - HikariPool-1 - Shutdown initiated...
2025-09-09 13:54:01 [] INFO  com.zaxxer.hikari.HikariDataSource - HikariPool-1 - Shutdown completed.
2025-09-09 13:54:04 [] INFO  c.f.cnd.lea.lp.CndLeaLpApplication - Starting CndLeaLpApplication using Java 21.0.8 with PID 19000 (C:\Users\이상민\IdeaProjects\cnd-sample\cnd-lea-lp\target\classes started by 이상민 in C:\Users\이상민\IdeaProjects\cnd-sample)
2025-09-09 13:54:04 [] DEBUG c.f.cnd.lea.lp.CndLeaLpApplication - Running with Spring Boot v3.5.5, Spring v6.2.10
2025-09-09 13:54:04 [] INFO  c.f.cnd.lea.lp.CndLeaLpApplication - The following 1 profile is active: "local"
2025-09-09 13:54:05 [] INFO  o.s.d.r.c.RepositoryConfigurationDelegate - Multiple Spring Data modules found, entering strict repository configuration mode
2025-09-09 13:54:05 [] INFO  o.s.d.r.c.RepositoryConfigurationDelegate - Bootstrapping Spring Data JPA repositories in DEFAULT mode.
2025-09-09 13:54:05 [] INFO  o.s.d.r.c.RepositoryConfigurationDelegate - Finished Spring Data repository scanning in 105 ms. Found 1 JPA repository interface.
2025-09-09 13:54:05 [] INFO  o.s.d.r.c.RepositoryConfigurationDelegate - Multiple Spring Data modules found, entering strict repository configuration mode
2025-09-09 13:54:05 [] INFO  o.s.d.r.c.RepositoryConfigurationDelegate - Bootstrapping Spring Data Redis repositories in DEFAULT mode.
2025-09-09 13:54:05 [] INFO  o.s.d.r.c.RepositoryConfigurationExtensionSupport - Spring Data Redis - Could not safely identify store assignment for repository candidate interface com.fusionsoft.cnd.lea.lp.repository.UserRepository; If you want this repository to be a Redis repository, consider annotating your entities with one of these annotations: org.springframework.data.redis.core.RedisHash (preferred), or consider extending one of the following types with your repository: org.springframework.data.keyvalue.repository.KeyValueRepository
2025-09-09 13:54:05 [] INFO  o.s.d.r.c.RepositoryConfigurationDelegate - Finished Spring Data repository scanning in 9 ms. Found 0 Redis repository interfaces.
2025-09-09 13:54:05 [] INFO  o.s.b.w.e.tomcat.TomcatWebServer - Tomcat initialized with port 8080 (http)
2025-09-09 13:54:05 [] INFO  o.a.catalina.core.StandardService - Starting service [Tomcat]
2025-09-09 13:54:05 [] INFO  o.a.catalina.core.StandardEngine - Starting Servlet engine: [Apache Tomcat/10.1.44]
2025-09-09 13:54:05 [] INFO  o.a.c.c.C.[Tomcat].[localhost].[/] - Initializing Spring embedded WebApplicationContext
2025-09-09 13:54:05 [] INFO  o.s.b.w.s.c.ServletWebServerApplicationContext - Root WebApplicationContext: initialization completed in 1039 ms
2025-09-09 13:54:06 [] DEBUG c.f.c.l.lp.filter.JwtBlacklistFilter - Filter 'jwtBlacklistFilterRegistration' configured for use
2025-09-09 13:54:06 [] INFO  o.h.jpa.internal.util.LogHelper - HHH000204: Processing PersistenceUnitInfo [name: default]
2025-09-09 13:54:06 [] INFO  org.hibernate.Version - HHH000412: Hibernate ORM core version 6.6.26.Final
2025-09-09 13:54:06 [] INFO  o.h.c.i.RegionFactoryInitiator - HHH000026: Second-level cache disabled
2025-09-09 13:54:06 [] INFO  o.s.o.j.p.SpringPersistenceUnitInfo - No LoadTimeWeaver setup: ignoring JPA class transformer
2025-09-09 13:54:06 [] INFO  com.zaxxer.hikari.HikariDataSource - HikariPool-1 - Starting...
2025-09-09 13:54:06 [] INFO  com.zaxxer.hikari.pool.HikariPool - HikariPool-1 - Added connection net.sf.log4jdbc.sql.jdbcapi.ConnectionSpy@de0c402
2025-09-09 13:54:06 [] INFO  com.zaxxer.hikari.HikariDataSource - HikariPool-1 - Start completed.
2025-09-09 13:54:06 [] INFO  jdbc.sqlonly - SELECT @@character_set_database, @@sql_mode

2025-09-09 13:54:06 [] INFO  o.hibernate.orm.connections.pooling - HHH10001005: Database info:
	Database JDBC URL [Connecting through datasource 'HikariDataSource (HikariPool-1)']
	Database driver: undefined/unknown
	Database version: 10.6.23
	Autocommit mode: undefined/unknown
	Isolation level: undefined/unknown
	Minimum pool size: undefined/unknown
	Maximum pool size: undefined/unknown
2025-09-09 13:54:07 [] INFO  o.h.e.t.j.p.i.JtaPlatformInitiator - HHH000489: No JTA platform available (set 'hibernate.transaction.jta.platform' to enable JTA platform integration)
2025-09-09 13:54:07 [] INFO  o.s.o.j.LocalContainerEntityManagerFactoryBean - Initialized JPA EntityManagerFactory for persistence unit 'default'
2025-09-09 13:54:07 [] WARN  o.s.b.a.o.j.JpaBaseConfiguration$JpaWebConfiguration - spring.jpa.open-in-view is enabled by default. Therefore, database queries may be performed during view rendering. Explicitly configure spring.jpa.open-in-view to disable this warning
2025-09-09 13:54:07 [] INFO  o.s.b.w.e.tomcat.TomcatWebServer - Tomcat started on port 8080 (http) with context path '/'
2025-09-09 13:54:07 [] INFO  c.f.cnd.lea.lp.CndLeaLpApplication - Started CndLeaLpApplication in 3.501 seconds (process running for 4.013)
2025-09-09 13:54:11 [] INFO  o.a.c.c.C.[Tomcat].[localhost].[/] - Initializing Spring DispatcherServlet 'dispatcherServlet'
2025-09-09 13:54:11 [] INFO  o.s.web.servlet.DispatcherServlet - Initializing Servlet 'dispatcherServlet'
2025-09-09 13:54:11 [] INFO  o.s.web.servlet.DispatcherServlet - Completed initialization in 1 ms
2025-09-09 13:54:12 [] DEBUG c.f.c.l.lp.controller.HomeController - logout request Authorization:Bearer eyJraWQiOiJjbmQtZGV2LWtleS0xIiwiYWxnIjoiUlMyNTYifQ.eyJzdWIiOiJiYmIiLCJpc3MiOiJjbmQtZGV2Iiwicm9sZXMiOlsiUk9MRV9VU0VSIl0sImp0aSI6IjBkYWJjYWI1LTgxYzYtNGJmZi04N2UxLTA1NmQ3NGMxNDBjNSIsImlhdCI6MTc1NzM5MzI1NywiZXhwIjoxNzU4NjAyODU3fQ.UrtMOZn7PoW1MhfdggqIzaOLDkEV9yitktB5R-HG5LFXlM93CAFp9kVf_R2z_mvuup4l5w11-m__-8630XbQbkjtNVZqVga7Ij71TxZGzaodF4AUTK75Xm6OKd0sjP0IdG5qKQ3qYrrrIY-Tn3k5sQIEVcL4fuL5larNsxQllwxNIr9OGZ_W4tjBlDdjt1J3B819JDJjEDCPIZbkVn0OPVhr7U3C4ei5jytrHzWqlKrrIMWtYyLfnRH0RFOpUH1GKYzjvJnUL6_B4wzEXJTEOg2N2Bc0f-4xaVYKUUarQc9x5g_WmgwZUDHLhj7S_sOvt-P1BSrjkGihhVFn4Mu1cQ
2025-09-09 13:55:11 [] DEBUG c.f.c.l.lp.controller.HomeController - logout request Authorization:Bearer eyJraWQiOiJjbmQtZGV2LWtleS0xIiwiYWxnIjoiUlMyNTYifQ.eyJzdWIiOiJiYmIiLCJpc3MiOiJjbmQtZGV2Iiwicm9sZXMiOlsiUk9MRV9VU0VSIl0sImp0aSI6IjBkYWJjYWI1LTgxYzYtNGJmZi04N2UxLTA1NmQ3NGMxNDBjNSIsImlhdCI6MTc1NzM5MzI1NywiZXhwIjoxNzU4NjAyODU3fQ.UrtMOZn7PoW1MhfdggqIzaOLDkEV9yitktB5R-HG5LFXlM93CAFp9kVf_R2z_mvuup4l5w11-m__-8630XbQbkjtNVZqVga7Ij71TxZGzaodF4AUTK75Xm6OKd0sjP0IdG5qKQ3qYrrrIY-Tn3k5sQIEVcL4fuL5larNsxQllwxNIr9OGZ_W4tjBlDdjt1J3B819JDJjEDCPIZbkVn0OPVhr7U3C4ei5jytrHzWqlKrrIMWtYyLfnRH0RFOpUH1GKYzjvJnUL6_B4wzEXJTEOg2N2Bc0f-4xaVYKUUarQc9x5g_WmgwZUDHLhj7S_sOvt-P1BSrjkGihhVFn4Mu1cQ
2025-09-09 14:42:42 [] INFO  o.s.b.w.e.tomcat.GracefulShutdown - Commencing graceful shutdown. Waiting for active requests to complete
2025-09-09 14:42:42 [] INFO  o.s.b.w.e.tomcat.GracefulShutdown - Graceful shutdown complete
2025-09-09 14:42:42 [] INFO  o.s.o.j.LocalContainerEntityManagerFactoryBean - Closing JPA EntityManagerFactory for persistence unit 'default'
2025-09-09 14:42:42 [] INFO  com.zaxxer.hikari.HikariDataSource - HikariPool-1 - Shutdown initiated...
2025-09-09 14:42:42 [] INFO  com.zaxxer.hikari.HikariDataSource - HikariPool-1 - Shutdown completed.
